\BOOKMARK [0][-]{chapter*.2}{Jenny Wren}{}% 1
\BOOKMARK [-1][-]{part.1}{I Book the First:THE CUP AND THE LIP}{}% 2
\BOOKMARK [0][-]{chapter.1.1}{ON THE LOOK OUT}{part.1}% 3
\BOOKMARK [0][-]{chapter.1.2}{THE MAN FROM SOMEWHERE}{part.1}% 4
\BOOKMARK [0][-]{chapter.1.3}{ANOTHER MAN}{part.1}% 5
\BOOKMARK [0][-]{chapter.1.4}{THE R. WILFER FAMILY}{part.1}% 6
\BOOKMARK [0][-]{chapter.1.5}{BOFFIN\220S BOWER}{part.1}% 7
\BOOKMARK [0][-]{chapter.1.6}{CUT ADRIFT}{part.1}% 8
\BOOKMARK [0][-]{chapter.1.7}{MR WEGG LOOKS AFTER HIMSELF}{part.1}% 9
\BOOKMARK [0][-]{chapter.1.8}{MR BOFFIN IN CONSULTATION}{part.1}% 10
\BOOKMARK [0][-]{chapter.1.9}{MR AND MRS BOFFIN IN CONSULTATION}{part.1}% 11
\BOOKMARK [0][-]{chapter.1.10}{A MARRIAGE CONTRACT}{part.1}% 12
\BOOKMARK [0][-]{chapter.1.11}{PODSNAPPERY}{part.1}% 13
\BOOKMARK [0][-]{chapter.1.12}{THE SWEAT OF AN HONEST MAN\220S BROW}{part.1}% 14
\BOOKMARK [0][-]{chapter.1.13}{TRACKING THE BIRD OF PREY}{part.1}% 15
\BOOKMARK [0][-]{chapter.1.14}{THE BIRD OF PREY BROUGHT DOWN}{part.1}% 16
\BOOKMARK [0][-]{chapter.1.15}{TWO NEW SERVANTS}{part.1}% 17
\BOOKMARK [0][-]{chapter.1.16}{MINDERS AND RE-MINDERS}{part.1}% 18
\BOOKMARK [0][-]{chapter.1.17}{A DISMAL SWAMP}{part.1}% 19
\BOOKMARK [-1][-]{part.2}{II Book The Second:BIRDS OF A FEATHER}{}% 20
\BOOKMARK [0][-]{chapter.2.1}{OF AN EDUCATIONAL CHARACTER}{part.2}% 21
\BOOKMARK [0][-]{chapter.2.2}{STILL EDUCATIONAL}{part.2}% 22
\BOOKMARK [0][-]{chapter.2.3}{A PIECE OF WORK}{part.2}% 23
\BOOKMARK [0][-]{chapter.2.4}{CUPID PROMPTED}{part.2}% 24
\BOOKMARK [0][-]{chapter.2.5}{MERCURY PROMPTING}{part.2}% 25
\BOOKMARK [0][-]{chapter.2.6}{A RIDDLE WITHOUT AN ANSWER}{part.2}% 26
\BOOKMARK [0][-]{chapter.2.7}{IN WHICH A FRIENDLY MOVE IS ORIGINATED}{part.2}% 27
\BOOKMARK [0][-]{chapter.2.8}{IN WHICH AN INNOCENT ELOPEMENT OCCURS}{part.2}% 28
\BOOKMARK [0][-]{chapter.2.9}{IN WHICH THE ORPHAN MAKES HIS WILL}{part.2}% 29
\BOOKMARK [0][-]{chapter.2.10}{A SUCCESSOR}{part.2}% 30
\BOOKMARK [0][-]{chapter.2.11}{XXX}{part.2}% 31
\BOOKMARK [-1][-]{part.3}{III Book The Third:A LONG LANE}{}% 32
\BOOKMARK [0][-]{chapter.3.1}{LODGERS IN QUEER STREET}{part.3}% 33
\BOOKMARK [0][-]{chapter.3.2}{XXX}{part.3}% 34
\BOOKMARK [0][-]{chapter.3.3}{XXX}{part.3}% 35
